<?xml version="1.0" encoding="UTF-8"?>
<!-- Generated by org.testng.reporters.JUnitXMLReporter -->
<testsuite hostname="ISHWS43" name="Test" tests="4" failures="0" timestamp="29 Dec 2015 08:33:27 GMT" time="26.375" errors="0">
  <testcase name="loginUrl" time="10.526" classname="testLogin.LoginPage"/>
  <testcase name="ScrollPageDown" time="0.036" classname="testLogin.LoginPage"/>
  <testcase name="FormField" time="5.415" classname="testLogin.LoginPage"/>
  <testcase name="checkTitle" time="0.039" classname="testLogin.LoginPage"/>
</testsuite> <!-- Test -->
