<?xml version="1.0" encoding="UTF-8"?>
<testng-results skipped="0" failed="0" total="3" passed="3">
  <reporter-output>
  </reporter-output>
  <suite name="Default suite" duration-ms="20013" started-at="2015-12-30T09:12:58Z" finished-at="2015-12-30T09:13:18Z">
    <groups>
    </groups>
    <test name="Default test" duration-ms="20013" started-at="2015-12-30T09:12:58Z" finished-at="2015-12-30T09:13:18Z">
      <class name="testLogin.LetsTalk">
        <test-method status="PASS" signature="Browser()[pri:0, instance:testLogin.LetsTalk@36d64342]" name="Browser" is-config="true" duration-ms="15414" started-at="2015-12-30T14:42:58Z" finished-at="2015-12-30T14:43:13Z">
          <reporter-output>
          </reporter-output>
        </test-method> <!-- Browser -->
        <test-method status="PASS" signature="Dashboard()[pri:0, instance:testLogin.LetsTalk@36d64342]" name="Dashboard" duration-ms="102" started-at="2015-12-30T14:43:13Z" finished-at="2015-12-30T14:43:13Z">
          <reporter-output>
          </reporter-output>
        </test-method> <!-- Dashboard -->
        <test-method status="PASS" signature="ScrollPageDown()[pri:1, instance:testLogin.LetsTalk@36d64342]" name="ScrollPageDown" duration-ms="159" started-at="2015-12-30T14:43:13Z" finished-at="2015-12-30T14:43:13Z">
          <reporter-output>
          </reporter-output>
        </test-method> <!-- ScrollPageDown -->
        <test-method status="PASS" signature="FormField()[pri:2, instance:testLogin.LetsTalk@36d64342]" name="FormField" duration-ms="3942" started-at="2015-12-30T14:43:13Z" finished-at="2015-12-30T14:43:17Z">
          <reporter-output>
          </reporter-output>
        </test-method> <!-- FormField -->
        <test-method status="PASS" signature="afterTest()[pri:0, instance:testLogin.LetsTalk@36d64342]" name="afterTest" is-config="true" duration-ms="385" started-at="2015-12-30T14:43:17Z" finished-at="2015-12-30T14:43:18Z">
          <reporter-output>
          </reporter-output>
        </test-method> <!-- afterTest -->
      </class> <!-- testLogin.LetsTalk -->
    </test> <!-- Default test -->
  </suite> <!-- Default suite -->
</testng-results>
